C:\Program Files\Microsoft Visual Studio\2022\Community\MSBuild\Microsoft\VC\v170\Microsoft.CppBuild.targets(517,5): warning MSB8028: The intermediate directory (x64\Release\) contains files shared from another project (Project2.vcxproj).  This can lead to incorrect clean and rebuild behavior.
  login.cpp
D:\Visual Studio 2022\Project2\Header.h(36,24): warning C4244: '=': conversion from 'SHORT' to 'char', possible loss of data
D:\Visual Studio 2022\Project2\Header.h(42,24): warning C4244: '=': conversion from 'SHORT' to 'char', possible loss of data
D:\Visual Studio 2022\Project2\Header.h(50,24): warning C4244: '=': conversion from 'SHORT' to 'char', possible loss of data
D:\Visual Studio 2022\Project2\Header.h(57,24): warning C4244: '=': conversion from 'SHORT' to 'char', possible loss of data
D:\Visual Studio 2022\Project2\Header.h(64,24): warning C4244: '=': conversion from 'SHORT' to 'char', possible loss of data
D:\Visual Studio 2022\Project2\login.cpp(15,10): warning C4067: unexpected tokens following preprocessor directive - expected a newline
D:\Visual Studio 2022\Project2\login.cpp(22,9): warning C4067: unexpected tokens following preprocessor directive - expected a newline
D:\Visual Studio 2022\Project2\login.cpp(178,16): warning C4244: 'initializing': conversion from 'float' to 'int', possible loss of data
D:\Visual Studio 2022\Project2\login.cpp(181,24): warning C4244: 'initializing': conversion from '_Rep' to 'unsigned int', possible loss of data
          with
          [
              _Rep=__int64
          ]
D:\Visual Studio 2022\Project2\login.cpp(1026,35): warning C4305: 'argument': truncation from 'int' to 'sf::Uint8'
D:\Visual Studio 2022\Project2\login.cpp(1026,22): warning C4309: 'argument': truncation of constant value
D:\Visual Studio 2022\Project2\login.cpp(1150,25): warning C4244: '=': conversion from 'float' to 'int', possible loss of data
D:\Visual Studio 2022\Project2\login.cpp(1035,3): warning C4102: 'start': unreferenced label
D:\Visual Studio 2022\Project2\login.cpp(1124,3): warning C4102: 'error': unreferenced label
  Generating code
  1 of 393 functions ( 0.3%) were compiled, the rest were copied from previous compilation.
    0 functions were new in current compilation
    8 functions had inline decision re-evaluated but remain unchanged
  Finished generating code
  Project2.vcxproj -> D:\Visual Studio 2022\Project2\x64\Release\SFML.exe
