d:\visual studio 2022\project2\x64\release\vc143.pdb
d:\visual studio 2022\project2\x64\release\login.obj
d:\visual studio 2022\project2\x64\release\managementsystem.obj
d:\visual studio 2022\project2\x64\release\drawtext.obj
d:\visual studio 2022\project2\x64\release\cell.obj
d:\visual studio 2022\project2\x64\release\main.obj
d:\visual studio 2022\project2\x64\release\getcell.obj
d:\visual studio 2022\project2\x64\release\field.obj
d:\visual studio 2022\project2\x64\release\game2.obj
d:\visual studio 2022\project2\x64\release\sfml.ipdb
d:\visual studio 2022\project2\x64\release\sfml.iobj
d:\visual studio 2022\project2\x64\release\1filename.obj
d:\visual studio 2022\project2\x64\release\filename.obj
d:\visual studio 2022\project2\x64\release\filename1.obj
d:\visual studio 2022\project2\x64\release\source.obj
d:\visual studio 2022\project2\x64\release\source1.obj
d:\visual studio 2022\project2\x64\release\source3.obj
d:\visual studio 2022\project2\x64\release\project2.iobj
d:\visual studio 2022\project2\x64\release\project2.pdb
d:\visual studio 2022\project2\x64\release\sfml.pdb
d:\visual studio 2022\project2\x64\release\sfml.tlog\cl.command.1.tlog
d:\visual studio 2022\project2\x64\release\sfml.tlog\cl.read.1.tlog
d:\visual studio 2022\project2\x64\release\sfml.tlog\cl.write.1.tlog
d:\visual studio 2022\project2\x64\release\sfml.tlog\link.command.1.tlog
d:\visual studio 2022\project2\x64\release\sfml.tlog\link.read.1.tlog
d:\visual studio 2022\project2\x64\release\sfml.tlog\link.write.1.tlog
d:\visual studio 2022\project2\x64\release\sfml.tlog\link.write.2u.tlog
